<?xml version="1.0" encoding="UTF-8"?>
<testng-results skipped="0" failed="0" total="1" passed="1">
  <reporter-output>
  </reporter-output>
  <suite name="Default suite" duration-ms="23287" started-at="2016-09-01T05:03:46Z" finished-at="2016-09-01T05:04:10Z">
    <groups>
    </groups>
    <test name="Default test" duration-ms="23287" started-at="2016-09-01T05:03:46Z" finished-at="2016-09-01T05:04:10Z">
      <class name="com.sqa.yn.BasicTest">
        <test-method status="PASS" signature="setupChrome()[pri:0, instance:com.sqa.yn.BasicTest@735b5592]" name="setupChrome" is-config="true" duration-ms="13181" started-at="2016-09-01T00:03:46Z" finished-at="2016-09-01T00:04:00Z">
          <reporter-output>
          </reporter-output>
        </test-method> <!-- setupChrome -->
        <test-method status="PASS" signature="basicTest()[pri:0, instance:com.sqa.yn.BasicTest@735b5592]" name="basicTest" duration-ms="10023" started-at="2016-09-01T00:04:00Z" finished-at="2016-09-01T00:04:10Z">
          <reporter-output>
          </reporter-output>
        </test-method> <!-- basicTest -->
      </class> <!-- com.sqa.yn.BasicTest -->
    </test> <!-- Default test -->
  </suite> <!-- Default suite -->
</testng-results>
